Flow report for 8b_vitis_comb_s_gen
Thu Oct 30 10:07:40 2025
Quartus Prime Version 24.1std.0 Build 1077 03/04/2025 SC Lite Edition


---------------------
; Table of Contents ;
---------------------
  1. Legal Notice
  2. Flow Summary
  3. Flow Settings
  4. Flow Non-Default Global Settings
  5. Flow Elapsed Time
  6. Flow OS Summary
  7. Flow Log
  8. Flow Messages
  9. Flow Suppressed Messages



----------------
; Legal Notice ;
----------------
Copyright (C) 2025  Altera Corporation. All rights reserved.
Your use of Altera Corporation's design tools, logic functions 
and other software and tools, and any partner logic 
functions, and any output files from any of the foregoing 
(including device programming or simulation files), and any 
associated documentation or information are expressly subject 
to the terms and conditions of the Altera Program License 
Subscription Agreement, the Altera Quartus Prime License Agreement,
the Altera IP License Agreement, or other applicable license
agreement, including, without limitation, that your use is for
the sole purpose of programming logic devices manufactured by
Altera and sold by Altera or its authorized distributors.  Please
refer to the Altera Software License Subscription Agreements 
on the Quartus Prime software download page.



+--------------------------------------------------------------------------------------+
; Flow Summary                                                                         ;
+------------------------------------+-------------------------------------------------+
; Flow Status                        ; Successful - Thu Oct 30 10:07:38 2025           ;
; Quartus Prime Version              ; 24.1std.0 Build 1077 03/04/2025 SC Lite Edition ;
; Revision Name                      ; 8b_vitis_comb_s_gen                             ;
; Top-level Entity Name              ; top_level                                       ;
; Family                             ; Cyclone IV E                                    ;
; Device                             ; EP4CE22F17C6                                    ;
; Timing Models                      ; Final                                           ;
; Total logic elements               ; 0 / 22,320 ( 0 % )                              ;
;     Total combinational functions  ; 0 / 22,320 ( 0 % )                              ;
;     Dedicated logic registers      ; 0 / 22,320 ( 0 % )                              ;
; Total registers                    ; 0                                               ;
; Total pins                         ; 34 / 154 ( 22 % )                               ;
; Total virtual pins                 ; 0                                               ;
; Total memory bits                  ; 0 / 608,256 ( 0 % )                             ;
; Embedded Multiplier 9-bit elements ; 1 / 132 ( < 1 % )                               ;
; Total PLLs                         ; 0 / 4 ( 0 % )                                   ;
+------------------------------------+-------------------------------------------------+


+-----------------------------------------+
; Flow Settings                           ;
+-------------------+---------------------+
; Option            ; Setting             ;
+-------------------+---------------------+
; Start date & time ; 10/30/2025 10:07:26 ;
; Main task         ; Compilation         ;
; Revision Name     ; 8b_vitis_comb_s_gen ;
+-------------------+---------------------+


+------------------------------------------------------------------------------------------------------------------------------------------------------+
; Flow Non-Default Global Settings                                                                                                                     ;
+-------------------------------------+----------------------------------------+---------------------+-------------+-----------------------------------+
; Assignment Name                     ; Value                                  ; Default Value       ; Entity Name ; Section Id                        ;
+-------------------------------------+----------------------------------------+---------------------+-------------+-----------------------------------+
; COMPILER_SIGNATURE_ID               ; 84306455314771.176182964620264         ; --                  ; --          ; --                                ;
; EDA_GENERATE_FUNCTIONAL_NETLIST     ; Off                                    ; --                  ; --          ; eda_board_design_timing           ;
; EDA_GENERATE_FUNCTIONAL_NETLIST     ; Off                                    ; --                  ; --          ; eda_board_design_boundary_scan    ;
; EDA_GENERATE_FUNCTIONAL_NETLIST     ; Off                                    ; --                  ; --          ; eda_board_design_signal_integrity ;
; EDA_GENERATE_FUNCTIONAL_NETLIST     ; Off                                    ; --                  ; --          ; eda_board_design_symbol           ;
; EDA_OUTPUT_DATA_FORMAT              ; Verilog Hdl                            ; --                  ; --          ; eda_simulation                    ;
; EDA_SIMULATION_TOOL                 ; Questa Intel FPGA (Verilog)            ; <None>              ; --          ; --                                ;
; EDA_TIME_SCALE                      ; 1 ps                                   ; --                  ; --          ; eda_simulation                    ;
; MAX_CORE_JUNCTION_TEMP              ; 85                                     ; --                  ; --          ; --                                ;
; MIN_CORE_JUNCTION_TEMP              ; 0                                      ; --                  ; --          ; --                                ;
; NOMINAL_CORE_SUPPLY_VOLTAGE         ; 1.2V                                   ; --                  ; --          ; --                                ;
; PARTITION_COLOR                     ; -- (Not supported for targeted family) ; --                  ; top_level   ; Top                               ;
; PARTITION_FITTER_PRESERVATION_LEVEL ; -- (Not supported for targeted family) ; --                  ; top_level   ; Top                               ;
; PARTITION_NETLIST_TYPE              ; -- (Not supported for targeted family) ; --                  ; top_level   ; Top                               ;
; PROJECT_OUTPUT_DIRECTORY            ; output_files                           ; --                  ; --          ; --                                ;
; TOP_LEVEL_ENTITY                    ; top_level                              ; 8b_vitis_comb_s_gen ; --          ; --                                ;
+-------------------------------------+----------------------------------------+---------------------+-------------+-----------------------------------+


+--------------------------------------------------------------------------------------------------------------------------+
; Flow Elapsed Time                                                                                                        ;
+----------------------+--------------+-------------------------+---------------------+------------------------------------+
; Module Name          ; Elapsed Time ; Average Processors Used ; Peak Virtual Memory ; Total CPU Time (on all processors) ;
+----------------------+--------------+-------------------------+---------------------+------------------------------------+
; Analysis & Synthesis ; 00:00:07     ; 1.0                     ; 4849 MB             ; 00:00:17                           ;
; Fitter               ; 00:00:04     ; 1.0                     ; 5822 MB             ; 00:00:04                           ;
; Timing Analyzer      ; 00:00:01     ; 1.0                     ; 4841 MB             ; 00:00:01                           ;
; Total                ; 00:00:12     ; --                      ; --                  ; 00:00:22                           ;
+----------------------+--------------+-------------------------+---------------------+------------------------------------+


+------------------------------------------------------------------------------------+
; Flow OS Summary                                                                    ;
+----------------------+------------------+------------+------------+----------------+
; Module Name          ; Machine Hostname ; OS Name    ; OS Version ; Processor type ;
+----------------------+------------------+------------+------------+----------------+
; Analysis & Synthesis ; DESKTOP-8L9PMU5  ; Windows 10 ; 10.0       ; x86_64         ;
; Fitter               ; DESKTOP-8L9PMU5  ; Windows 10 ; 10.0       ; x86_64         ;
; Timing Analyzer      ; DESKTOP-8L9PMU5  ; Windows 10 ; 10.0       ; x86_64         ;
+----------------------+------------------+------------+------------+----------------+


------------
; Flow Log ;
------------
quartus_map --read_settings_files=on --write_settings_files=off 8b_vitis_comb_s_gen -c 8b_vitis_comb_s_gen
quartus_fit --read_settings_files=off --write_settings_files=off 8b_vitis_comb_s_gen -c 8b_vitis_comb_s_gen
quartus_sta 8b_vitis_comb_s_gen -c 8b_vitis_comb_s_gen



