Analysis & Synthesis report for Alg_RCA_radix_correto
Mon Nov  3 19:46:41 2025
Quartus Prime Version 24.1std.0 Build 1077 03/04/2025 SC Lite Edition


---------------------
; Table of Contents ;
---------------------
  1. Legal Notice
  2. Analysis & Synthesis Summary
  3. Analysis & Synthesis Settings
  4. Parallel Compilation
  5. Analysis & Synthesis Source Files Read
  6. Analysis & Synthesis Resource Usage Summary
  7. Analysis & Synthesis Resource Utilization by Entity
  8. General Register Statistics
  9. Post-Synthesis Netlist Statistics for Top Partition
 10. Elapsed Time Per Partition
 11. Analysis & Synthesis Messages



----------------
; Legal Notice ;
----------------
Copyright (C) 2025  Altera Corporation. All rights reserved.
Your use of Altera Corporation's design tools, logic functions 
and other software and tools, and any partner logic 
functions, and any output files from any of the foregoing 
(including device programming or simulation files), and any 
associated documentation or information are expressly subject 
to the terms and conditions of the Altera Program License 
Subscription Agreement, the Altera Quartus Prime License Agreement,
the Altera IP License Agreement, or other applicable license
agreement, including, without limitation, that your use is for
the sole purpose of programming logic devices manufactured by
Altera and sold by Altera or its authorized distributors.  Please
refer to the Altera Software License Subscription Agreements 
on the Quartus Prime software download page.



+--------------------------------------------------------------------------------------+
; Analysis & Synthesis Summary                                                         ;
+------------------------------------+-------------------------------------------------+
; Analysis & Synthesis Status        ; Successful - Mon Nov  3 19:46:41 2025           ;
; Quartus Prime Version              ; 24.1std.0 Build 1077 03/04/2025 SC Lite Edition ;
; Revision Name                      ; Alg_RCA_radix_correto                           ;
; Top-level Entity Name              ; top_level                                       ;
; Family                             ; Cyclone IV E                                    ;
; Total logic elements               ; 192                                             ;
;     Total combinational functions  ; 176                                             ;
;     Dedicated logic registers      ; 32                                              ;
; Total registers                    ; 32                                              ;
; Total pins                         ; 34                                              ;
; Total virtual pins                 ; 0                                               ;
; Total memory bits                  ; 0                                               ;
; Embedded Multiplier 9-bit elements ; 0                                               ;
; Total PLLs                         ; 0                                               ;
+------------------------------------+-------------------------------------------------+


+---------------------------------------------------------------------------------------------------------------+
; Analysis & Synthesis Settings                                                                                 ;
+------------------------------------------------------------------+--------------------+-----------------------+
; Option                                                           ; Setting            ; Default Value         ;
+------------------------------------------------------------------+--------------------+-----------------------+
; Device                                                           ; EP4CE22F17C6       ;                       ;
; Top-level entity name                                            ; top_level          ; Alg_RCA_radix_correto ;
; Family name                                                      ; Cyclone IV E       ; Cyclone V             ;
; Use smart compilation                                            ; Off                ; Off                   ;
; Enable parallel Assembler and Timing Analyzer during compilation ; On                 ; On                    ;
; Enable compact report table                                      ; Off                ; Off                   ;
; Restructure Multiplexers                                         ; Auto               ; Auto                  ;
; Create Debugging Nodes for IP Cores                              ; Off                ; Off                   ;
; Preserve fewer node names                                        ; On                 ; On                    ;
; Intel FPGA IP Evaluation Mode                                    ; Enable             ; Enable                ;
; Verilog Version                                                  ; Verilog_2001       ; Verilog_2001          ;
; VHDL Version                                                     ; VHDL_1993          ; VHDL_1993             ;
; State Machine Processing                                         ; Auto               ; Auto                  ;
; Safe State Machine                                               ; Off                ; Off                   ;
; Extract Verilog State Machines                                   ; On                 ; On                    ;
; Extract VHDL State Machines                                      ; On                 ; On                    ;
; Ignore Verilog initial constructs                                ; Off                ; Off                   ;
; Iteration limit for constant Verilog loops                       ; 5000               ; 5000                  ;
; Iteration limit for non-constant Verilog loops                   ; 250                ; 250                   ;
; Add Pass-Through Logic to Inferred RAMs                          ; On                 ; On                    ;
; Infer RAMs from Raw Logic                                        ; On                 ; On                    ;
; Parallel Synthesis                                               ; On                 ; On                    ;
; DSP Block Balancing                                              ; Auto               ; Auto                  ;
; NOT Gate Push-Back                                               ; On                 ; On                    ;
; Power-Up Don't Care                                              ; On                 ; On                    ;
; Remove Redundant Logic Cells                                     ; Off                ; Off                   ;
; Remove Duplicate Registers                                       ; On                 ; On                    ;
; Ignore CARRY Buffers                                             ; Off                ; Off                   ;
; Ignore CASCADE Buffers                                           ; Off                ; Off                   ;
; Ignore GLOBAL Buffers                                            ; Off                ; Off                   ;
; Ignore ROW GLOBAL Buffers                                        ; Off                ; Off                   ;
; Ignore LCELL Buffers                                             ; Off                ; Off                   ;
; Ignore SOFT Buffers                                              ; On                 ; On                    ;
; Limit AHDL Integers to 32 Bits                                   ; Off                ; Off                   ;
; Optimization Technique                                           ; Balanced           ; Balanced              ;
; Carry Chain Length                                               ; 70                 ; 70                    ;
; Auto Carry Chains                                                ; On                 ; On                    ;
; Auto Open-Drain Pins                                             ; On                 ; On                    ;
; Perform WYSIWYG Primitive Resynthesis                            ; Off                ; Off                   ;
; Auto ROM Replacement                                             ; On                 ; On                    ;
; Auto RAM Replacement                                             ; On                 ; On                    ;
; Auto DSP Block Replacement                                       ; On                 ; On                    ;
; Auto Shift Register Replacement                                  ; Auto               ; Auto                  ;
; Allow Shift Register Merging across Hierarchies                  ; Auto               ; Auto                  ;
; Auto Clock Enable Replacement                                    ; On                 ; On                    ;
; Strict RAM Replacement                                           ; Off                ; Off                   ;
; Allow Synchronous Control Signals                                ; On                 ; On                    ;
; Force Use of Synchronous Clear Signals                           ; Off                ; Off                   ;
; Auto RAM Block Balancing                                         ; On                 ; On                    ;
; Auto RAM to Logic Cell Conversion                                ; Off                ; Off                   ;
; Auto Resource Sharing                                            ; Off                ; Off                   ;
; Allow Any RAM Size For Recognition                               ; Off                ; Off                   ;
; Allow Any ROM Size For Recognition                               ; Off                ; Off                   ;
; Allow Any Shift Register Size For Recognition                    ; Off                ; Off                   ;
; Use LogicLock Constraints during Resource Balancing              ; On                 ; On                    ;
; Ignore translate_off and synthesis_off directives                ; Off                ; Off                   ;
; Timing-Driven Synthesis                                          ; On                 ; On                    ;
; Report Parameter Settings                                        ; On                 ; On                    ;
; Report Source Assignments                                        ; On                 ; On                    ;
; Report Connectivity Checks                                       ; On                 ; On                    ;
; Ignore Maximum Fan-Out Assignments                               ; Off                ; Off                   ;
; Synchronization Register Chain Length                            ; 2                  ; 2                     ;
; Power Optimization During Synthesis                              ; Normal compilation ; Normal compilation    ;
; HDL message level                                                ; Level2             ; Level2                ;
; Suppress Register Optimization Related Messages                  ; Off                ; Off                   ;
; Number of Removed Registers Reported in Synthesis Report         ; 5000               ; 5000                  ;
; Number of Swept Nodes Reported in Synthesis Report               ; 5000               ; 5000                  ;
; Number of Inverted Registers Reported in Synthesis Report        ; 100                ; 100                   ;
; Clock MUX Protection                                             ; On                 ; On                    ;
; Auto Gated Clock Conversion                                      ; Off                ; Off                   ;
; Block Design Naming                                              ; Auto               ; Auto                  ;
; SDC constraint protection                                        ; Off                ; Off                   ;
; Synthesis Effort                                                 ; Auto               ; Auto                  ;
; Shift Register Replacement - Allow Asynchronous Clear Signal     ; On                 ; On                    ;
; Pre-Mapping Resynthesis Optimization                             ; Off                ; Off                   ;
; Analysis & Synthesis Message Level                               ; Medium             ; Medium                ;
; Disable Register Merging Across Hierarchies                      ; Auto               ; Auto                  ;
; Resource Aware Inference For Block RAM                           ; On                 ; On                    ;
+------------------------------------------------------------------+--------------------+-----------------------+


+------------------------------------------+
; Parallel Compilation                     ;
+----------------------------+-------------+
; Processors                 ; Number      ;
+----------------------------+-------------+
; Number detected on machine ; 8           ;
; Maximum allowed            ; 8           ;
;                            ;             ;
; Average used               ; 1.00        ;
; Maximum used               ; 8           ;
;                            ;             ;
; Usage by Processor         ; % Time Used ;
;     Processor 1            ; 100.0%      ;
;     Processors 2-8         ;   0.0%      ;
+----------------------------+-------------+


+-----------------------------------------------------------------------------------------------------------------------------------------------------------------------------+
; Analysis & Synthesis Source Files Read                                                                                                                                      ;
+----------------------------------+-----------------+-----------------+--------------------------------------------------------------------------------------------+---------+
; File Name with User-Entered Path ; Used in Netlist ; File Type       ; File Name with Absolute Path                                                               ; Library ;
+----------------------------------+-----------------+-----------------+--------------------------------------------------------------------------------------------+---------+
; top_level.vhd                    ; yes             ; User VHDL File  ; F:/github_projects/Circuito Timing Multiplicadores/Alg_RCA_radix_correto/top_level.vhd     ;         ;
; RCA_radix4_8b.vhd                ; yes             ; User VHDL File  ; F:/github_projects/Circuito Timing Multiplicadores/Alg_RCA_radix_correto/RCA_radix4_8b.vhd ;         ;
; FF_D.vhd                         ; yes             ; User VHDL File  ; F:/github_projects/Circuito Timing Multiplicadores/Alg_RCA_radix_correto/FF_D.vhd          ;         ;
+----------------------------------+-----------------+-----------------+--------------------------------------------------------------------------------------------+---------+


+---------------------------------------------------------+
; Analysis & Synthesis Resource Usage Summary             ;
+---------------------------------------------+-----------+
; Resource                                    ; Usage     ;
+---------------------------------------------+-----------+
; Estimated Total logic elements              ; 192       ;
;                                             ;           ;
; Total combinational functions               ; 176       ;
; Logic element usage by number of LUT inputs ;           ;
;     -- 4 input functions                    ; 125       ;
;     -- 3 input functions                    ; 24        ;
;     -- <=2 input functions                  ; 27        ;
;                                             ;           ;
; Logic elements by mode                      ;           ;
;     -- normal mode                          ; 176       ;
;     -- arithmetic mode                      ; 0         ;
;                                             ;           ;
; Total registers                             ; 32        ;
;     -- Dedicated logic registers            ; 32        ;
;     -- I/O registers                        ; 0         ;
;                                             ;           ;
; I/O pins                                    ; 34        ;
;                                             ;           ;
; Embedded Multiplier 9-bit elements          ; 0         ;
;                                             ;           ;
; Maximum fan-out node                        ; clk~input ;
; Maximum fan-out                             ; 32        ;
; Total fan-out                               ; 772       ;
; Average fan-out                             ; 2.80      ;
+---------------------------------------------+-----------+


+-----------------------------------------------------------------------------------------------------------------------------------------------------------------------------------------------------------------------------------------------------------------------------------------------------------------------------------------------------------------------------------------+
; Analysis & Synthesis Resource Utilization by Entity                                                                                                                                                                                                                                                                                                                                     ;
+-------------------------------------------------------+---------------------+---------------------------+-------------+--------------+---------+-----------+------+--------------+----------------------------------------------------------------------------------------------------------------------------------------------------------+----------------------------+--------------+
; Compilation Hierarchy Node                            ; Combinational ALUTs ; Dedicated Logic Registers ; Memory Bits ; DSP Elements ; DSP 9x9 ; DSP 18x18 ; Pins ; Virtual Pins ; Full Hierarchy Name                                                                                                                                      ; Entity Name                ; Library Name ;
+-------------------------------------------------------+---------------------+---------------------------+-------------+--------------+---------+-----------+------+--------------+----------------------------------------------------------------------------------------------------------------------------------------------------------+----------------------------+--------------+
; |top_level                                            ; 176 (0)             ; 32 (0)                    ; 0           ; 0            ; 0       ; 0         ; 34   ; 0            ; |top_level                                                                                                                                               ; top_level                  ; work         ;
;    |FF_D:\gen_a:0:ff_a|                               ; 0 (0)               ; 1 (1)                     ; 0           ; 0            ; 0       ; 0         ; 0    ; 0            ; |top_level|FF_D:\gen_a:0:ff_a                                                                                                                            ; FF_D                       ; work         ;
;    |FF_D:\gen_a:1:ff_a|                               ; 0 (0)               ; 1 (1)                     ; 0           ; 0            ; 0       ; 0         ; 0    ; 0            ; |top_level|FF_D:\gen_a:1:ff_a                                                                                                                            ; FF_D                       ; work         ;
;    |FF_D:\gen_a:2:ff_a|                               ; 0 (0)               ; 1 (1)                     ; 0           ; 0            ; 0       ; 0         ; 0    ; 0            ; |top_level|FF_D:\gen_a:2:ff_a                                                                                                                            ; FF_D                       ; work         ;
;    |FF_D:\gen_a:3:ff_a|                               ; 0 (0)               ; 1 (1)                     ; 0           ; 0            ; 0       ; 0         ; 0    ; 0            ; |top_level|FF_D:\gen_a:3:ff_a                                                                                                                            ; FF_D                       ; work         ;
;    |FF_D:\gen_a:4:ff_a|                               ; 0 (0)               ; 1 (1)                     ; 0           ; 0            ; 0       ; 0         ; 0    ; 0            ; |top_level|FF_D:\gen_a:4:ff_a                                                                                                                            ; FF_D                       ; work         ;
;    |FF_D:\gen_a:5:ff_a|                               ; 0 (0)               ; 1 (1)                     ; 0           ; 0            ; 0       ; 0         ; 0    ; 0            ; |top_level|FF_D:\gen_a:5:ff_a                                                                                                                            ; FF_D                       ; work         ;
;    |FF_D:\gen_a:6:ff_a|                               ; 0 (0)               ; 1 (1)                     ; 0           ; 0            ; 0       ; 0         ; 0    ; 0            ; |top_level|FF_D:\gen_a:6:ff_a                                                                                                                            ; FF_D                       ; work         ;
;    |FF_D:\gen_a:7:ff_a|                               ; 0 (0)               ; 1 (1)                     ; 0           ; 0            ; 0       ; 0         ; 0    ; 0            ; |top_level|FF_D:\gen_a:7:ff_a                                                                                                                            ; FF_D                       ; work         ;
;    |FF_D:\gen_b:0:ff_b|                               ; 0 (0)               ; 1 (1)                     ; 0           ; 0            ; 0       ; 0         ; 0    ; 0            ; |top_level|FF_D:\gen_b:0:ff_b                                                                                                                            ; FF_D                       ; work         ;
;    |FF_D:\gen_b:1:ff_b|                               ; 0 (0)               ; 1 (1)                     ; 0           ; 0            ; 0       ; 0         ; 0    ; 0            ; |top_level|FF_D:\gen_b:1:ff_b                                                                                                                            ; FF_D                       ; work         ;
;    |FF_D:\gen_b:2:ff_b|                               ; 0 (0)               ; 1 (1)                     ; 0           ; 0            ; 0       ; 0         ; 0    ; 0            ; |top_level|FF_D:\gen_b:2:ff_b                                                                                                                            ; FF_D                       ; work         ;
;    |FF_D:\gen_b:3:ff_b|                               ; 0 (0)               ; 1 (1)                     ; 0           ; 0            ; 0       ; 0         ; 0    ; 0            ; |top_level|FF_D:\gen_b:3:ff_b                                                                                                                            ; FF_D                       ; work         ;
;    |FF_D:\gen_b:4:ff_b|                               ; 0 (0)               ; 1 (1)                     ; 0           ; 0            ; 0       ; 0         ; 0    ; 0            ; |top_level|FF_D:\gen_b:4:ff_b                                                                                                                            ; FF_D                       ; work         ;
;    |FF_D:\gen_b:5:ff_b|                               ; 0 (0)               ; 1 (1)                     ; 0           ; 0            ; 0       ; 0         ; 0    ; 0            ; |top_level|FF_D:\gen_b:5:ff_b                                                                                                                            ; FF_D                       ; work         ;
;    |FF_D:\gen_b:6:ff_b|                               ; 0 (0)               ; 1 (1)                     ; 0           ; 0            ; 0       ; 0         ; 0    ; 0            ; |top_level|FF_D:\gen_b:6:ff_b                                                                                                                            ; FF_D                       ; work         ;
;    |FF_D:\gen_b:7:ff_b|                               ; 0 (0)               ; 1 (1)                     ; 0           ; 0            ; 0       ; 0         ; 0    ; 0            ; |top_level|FF_D:\gen_b:7:ff_b                                                                                                                            ; FF_D                       ; work         ;
;    |FF_D:\gen_s:0:ff_s|                               ; 0 (0)               ; 1 (1)                     ; 0           ; 0            ; 0       ; 0         ; 0    ; 0            ; |top_level|FF_D:\gen_s:0:ff_s                                                                                                                            ; FF_D                       ; work         ;
;    |FF_D:\gen_s:10:ff_s|                              ; 0 (0)               ; 1 (1)                     ; 0           ; 0            ; 0       ; 0         ; 0    ; 0            ; |top_level|FF_D:\gen_s:10:ff_s                                                                                                                           ; FF_D                       ; work         ;
;    |FF_D:\gen_s:11:ff_s|                              ; 0 (0)               ; 1 (1)                     ; 0           ; 0            ; 0       ; 0         ; 0    ; 0            ; |top_level|FF_D:\gen_s:11:ff_s                                                                                                                           ; FF_D                       ; work         ;
;    |FF_D:\gen_s:12:ff_s|                              ; 0 (0)               ; 1 (1)                     ; 0           ; 0            ; 0       ; 0         ; 0    ; 0            ; |top_level|FF_D:\gen_s:12:ff_s                                                                                                                           ; FF_D                       ; work         ;
;    |FF_D:\gen_s:13:ff_s|                              ; 0 (0)               ; 1 (1)                     ; 0           ; 0            ; 0       ; 0         ; 0    ; 0            ; |top_level|FF_D:\gen_s:13:ff_s                                                                                                                           ; FF_D                       ; work         ;
;    |FF_D:\gen_s:14:ff_s|                              ; 0 (0)               ; 1 (1)                     ; 0           ; 0            ; 0       ; 0         ; 0    ; 0            ; |top_level|FF_D:\gen_s:14:ff_s                                                                                                                           ; FF_D                       ; work         ;
;    |FF_D:\gen_s:15:ff_s|                              ; 0 (0)               ; 1 (1)                     ; 0           ; 0            ; 0       ; 0         ; 0    ; 0            ; |top_level|FF_D:\gen_s:15:ff_s                                                                                                                           ; FF_D                       ; work         ;
;    |FF_D:\gen_s:1:ff_s|                               ; 0 (0)               ; 1 (1)                     ; 0           ; 0            ; 0       ; 0         ; 0    ; 0            ; |top_level|FF_D:\gen_s:1:ff_s                                                                                                                            ; FF_D                       ; work         ;
;    |FF_D:\gen_s:2:ff_s|                               ; 0 (0)               ; 1 (1)                     ; 0           ; 0            ; 0       ; 0         ; 0    ; 0            ; |top_level|FF_D:\gen_s:2:ff_s                                                                                                                            ; FF_D                       ; work         ;
;    |FF_D:\gen_s:3:ff_s|                               ; 0 (0)               ; 1 (1)                     ; 0           ; 0            ; 0       ; 0         ; 0    ; 0            ; |top_level|FF_D:\gen_s:3:ff_s                                                                                                                            ; FF_D                       ; work         ;
;    |FF_D:\gen_s:4:ff_s|                               ; 0 (0)               ; 1 (1)                     ; 0           ; 0            ; 0       ; 0         ; 0    ; 0            ; |top_level|FF_D:\gen_s:4:ff_s                                                                                                                            ; FF_D                       ; work         ;
;    |FF_D:\gen_s:5:ff_s|                               ; 0 (0)               ; 1 (1)                     ; 0           ; 0            ; 0       ; 0         ; 0    ; 0            ; |top_level|FF_D:\gen_s:5:ff_s                                                                                                                            ; FF_D                       ; work         ;
;    |FF_D:\gen_s:6:ff_s|                               ; 0 (0)               ; 1 (1)                     ; 0           ; 0            ; 0       ; 0         ; 0    ; 0            ; |top_level|FF_D:\gen_s:6:ff_s                                                                                                                            ; FF_D                       ; work         ;
;    |FF_D:\gen_s:7:ff_s|                               ; 0 (0)               ; 1 (1)                     ; 0           ; 0            ; 0       ; 0         ; 0    ; 0            ; |top_level|FF_D:\gen_s:7:ff_s                                                                                                                            ; FF_D                       ; work         ;
;    |FF_D:\gen_s:8:ff_s|                               ; 0 (0)               ; 1 (1)                     ; 0           ; 0            ; 0       ; 0         ; 0    ; 0            ; |top_level|FF_D:\gen_s:8:ff_s                                                                                                                            ; FF_D                       ; work         ;
;    |FF_D:\gen_s:9:ff_s|                               ; 0 (0)               ; 1 (1)                     ; 0           ; 0            ; 0       ; 0         ; 0    ; 0            ; |top_level|FF_D:\gen_s:9:ff_s                                                                                                                            ; FF_D                       ; work         ;
;    |RCA_radix4_8b:multiplier_inst|                    ; 176 (0)             ; 0 (0)                     ; 0           ; 0            ; 0       ; 0         ; 0    ; 0            ; |top_level|RCA_radix4_8b:multiplier_inst                                                                                                                 ; RCA_radix4_8b              ; work         ;
;       |RCAfulladder_2Bitsm28b:estagio11RCA|           ; 4 (0)               ; 0 (0)                     ; 0           ; 0            ; 0       ; 0         ; 0    ; 0            ; |top_level|RCA_radix4_8b:multiplier_inst|RCAfulladder_2Bitsm28b:estagio11RCA                                                                             ; RCAfulladder_2Bitsm28b     ; work         ;
;          |RCAfulladderm28b:stage_0m28bRCA|            ; 2 (2)               ; 0 (0)                     ; 0           ; 0            ; 0       ; 0         ; 0    ; 0            ; |top_level|RCA_radix4_8b:multiplier_inst|RCAfulladder_2Bitsm28b:estagio11RCA|RCAfulladderm28b:stage_0m28bRCA                                             ; RCAfulladderm28b           ; work         ;
;          |RCAfulladderm28b:stage_1m28bRCA|            ; 2 (2)               ; 0 (0)                     ; 0           ; 0            ; 0       ; 0         ; 0    ; 0            ; |top_level|RCA_radix4_8b:multiplier_inst|RCAfulladder_2Bitsm28b:estagio11RCA|RCAfulladderm28b:stage_1m28bRCA                                             ; RCAfulladderm28b           ; work         ;
;       |RCAfulladder_2Bitsm28b:estagio12RCA|           ; 5 (0)               ; 0 (0)                     ; 0           ; 0            ; 0       ; 0         ; 0    ; 0            ; |top_level|RCA_radix4_8b:multiplier_inst|RCAfulladder_2Bitsm28b:estagio12RCA                                                                             ; RCAfulladder_2Bitsm28b     ; work         ;
;          |RCAfulladderm28b:stage_0m28bRCA|            ; 2 (2)               ; 0 (0)                     ; 0           ; 0            ; 0       ; 0         ; 0    ; 0            ; |top_level|RCA_radix4_8b:multiplier_inst|RCAfulladder_2Bitsm28b:estagio12RCA|RCAfulladderm28b:stage_0m28bRCA                                             ; RCAfulladderm28b           ; work         ;
;          |RCAfulladderm28b:stage_1m28bRCA|            ; 3 (3)               ; 0 (0)                     ; 0           ; 0            ; 0       ; 0         ; 0    ; 0            ; |top_level|RCA_radix4_8b:multiplier_inst|RCAfulladder_2Bitsm28b:estagio12RCA|RCAfulladderm28b:stage_1m28bRCA                                             ; RCAfulladderm28b           ; work         ;
;       |RCAfulladder_2Bitsm28b:estagio13RCA|           ; 4 (0)               ; 0 (0)                     ; 0           ; 0            ; 0       ; 0         ; 0    ; 0            ; |top_level|RCA_radix4_8b:multiplier_inst|RCAfulladder_2Bitsm28b:estagio13RCA                                                                             ; RCAfulladder_2Bitsm28b     ; work         ;
;          |RCAfulladderm28b:stage_0m28bRCA|            ; 2 (2)               ; 0 (0)                     ; 0           ; 0            ; 0       ; 0         ; 0    ; 0            ; |top_level|RCA_radix4_8b:multiplier_inst|RCAfulladder_2Bitsm28b:estagio13RCA|RCAfulladderm28b:stage_0m28bRCA                                             ; RCAfulladderm28b           ; work         ;
;          |RCAfulladderm28b:stage_1m28bRCA|            ; 2 (2)               ; 0 (0)                     ; 0           ; 0            ; 0       ; 0         ; 0    ; 0            ; |top_level|RCA_radix4_8b:multiplier_inst|RCAfulladder_2Bitsm28b:estagio13RCA|RCAfulladderm28b:stage_1m28bRCA                                             ; RCAfulladderm28b           ; work         ;
;       |RCAfulladder_2Bitsm28b:estagio22RCA|           ; 4 (0)               ; 0 (0)                     ; 0           ; 0            ; 0       ; 0         ; 0    ; 0            ; |top_level|RCA_radix4_8b:multiplier_inst|RCAfulladder_2Bitsm28b:estagio22RCA                                                                             ; RCAfulladder_2Bitsm28b     ; work         ;
;          |RCAfulladderm28b:stage_0m28bRCA|            ; 2 (2)               ; 0 (0)                     ; 0           ; 0            ; 0       ; 0         ; 0    ; 0            ; |top_level|RCA_radix4_8b:multiplier_inst|RCAfulladder_2Bitsm28b:estagio22RCA|RCAfulladderm28b:stage_0m28bRCA                                             ; RCAfulladderm28b           ; work         ;
;          |RCAfulladderm28b:stage_1m28bRCA|            ; 2 (2)               ; 0 (0)                     ; 0           ; 0            ; 0       ; 0         ; 0    ; 0            ; |top_level|RCA_radix4_8b:multiplier_inst|RCAfulladder_2Bitsm28b:estagio22RCA|RCAfulladderm28b:stage_1m28bRCA                                             ; RCAfulladderm28b           ; work         ;
;       |RCAfulladder_2Bitsm28b:estagio23RCA|           ; 4 (0)               ; 0 (0)                     ; 0           ; 0            ; 0       ; 0         ; 0    ; 0            ; |top_level|RCA_radix4_8b:multiplier_inst|RCAfulladder_2Bitsm28b:estagio23RCA                                                                             ; RCAfulladder_2Bitsm28b     ; work         ;
;          |RCAfulladderm28b:stage_0m28bRCA|            ; 2 (2)               ; 0 (0)                     ; 0           ; 0            ; 0       ; 0         ; 0    ; 0            ; |top_level|RCA_radix4_8b:multiplier_inst|RCAfulladder_2Bitsm28b:estagio23RCA|RCAfulladderm28b:stage_0m28bRCA                                             ; RCAfulladderm28b           ; work         ;
;          |RCAfulladderm28b:stage_1m28bRCA|            ; 2 (2)               ; 0 (0)                     ; 0           ; 0            ; 0       ; 0         ; 0    ; 0            ; |top_level|RCA_radix4_8b:multiplier_inst|RCAfulladder_2Bitsm28b:estagio23RCA|RCAfulladderm28b:stage_1m28bRCA                                             ; RCAfulladderm28b           ; work         ;
;       |RCAfulladder_2Bitsm28b:estagio24RCA|           ; 4 (0)               ; 0 (0)                     ; 0           ; 0            ; 0       ; 0         ; 0    ; 0            ; |top_level|RCA_radix4_8b:multiplier_inst|RCAfulladder_2Bitsm28b:estagio24RCA                                                                             ; RCAfulladder_2Bitsm28b     ; work         ;
;          |RCAfulladderm28b:stage_0m28bRCA|            ; 2 (2)               ; 0 (0)                     ; 0           ; 0            ; 0       ; 0         ; 0    ; 0            ; |top_level|RCA_radix4_8b:multiplier_inst|RCAfulladder_2Bitsm28b:estagio24RCA|RCAfulladderm28b:stage_0m28bRCA                                             ; RCAfulladderm28b           ; work         ;
;          |RCAfulladderm28b:stage_1m28bRCA|            ; 2 (2)               ; 0 (0)                     ; 0           ; 0            ; 0       ; 0         ; 0    ; 0            ; |top_level|RCA_radix4_8b:multiplier_inst|RCAfulladder_2Bitsm28b:estagio24RCA|RCAfulladderm28b:stage_1m28bRCA                                             ; RCAfulladderm28b           ; work         ;
;       |RCAfulladder_2Bitsm28b:estagio33RCA|           ; 4 (0)               ; 0 (0)                     ; 0           ; 0            ; 0       ; 0         ; 0    ; 0            ; |top_level|RCA_radix4_8b:multiplier_inst|RCAfulladder_2Bitsm28b:estagio33RCA                                                                             ; RCAfulladder_2Bitsm28b     ; work         ;
;          |RCAfulladderm28b:stage_0m28bRCA|            ; 2 (2)               ; 0 (0)                     ; 0           ; 0            ; 0       ; 0         ; 0    ; 0            ; |top_level|RCA_radix4_8b:multiplier_inst|RCAfulladder_2Bitsm28b:estagio33RCA|RCAfulladderm28b:stage_0m28bRCA                                             ; RCAfulladderm28b           ; work         ;
;          |RCAfulladderm28b:stage_1m28bRCA|            ; 2 (2)               ; 0 (0)                     ; 0           ; 0            ; 0       ; 0         ; 0    ; 0            ; |top_level|RCA_radix4_8b:multiplier_inst|RCAfulladder_2Bitsm28b:estagio33RCA|RCAfulladderm28b:stage_1m28bRCA                                             ; RCAfulladderm28b           ; work         ;
;       |RCAfulladder_2Bitsm28b:estagio34RCA|           ; 4 (0)               ; 0 (0)                     ; 0           ; 0            ; 0       ; 0         ; 0    ; 0            ; |top_level|RCA_radix4_8b:multiplier_inst|RCAfulladder_2Bitsm28b:estagio34RCA                                                                             ; RCAfulladder_2Bitsm28b     ; work         ;
;          |RCAfulladderm28b:stage_0m28bRCA|            ; 2 (2)               ; 0 (0)                     ; 0           ; 0            ; 0       ; 0         ; 0    ; 0            ; |top_level|RCA_radix4_8b:multiplier_inst|RCAfulladder_2Bitsm28b:estagio34RCA|RCAfulladderm28b:stage_0m28bRCA                                             ; RCAfulladderm28b           ; work         ;
;          |RCAfulladderm28b:stage_1m28bRCA|            ; 2 (2)               ; 0 (0)                     ; 0           ; 0            ; 0       ; 0         ; 0    ; 0            ; |top_level|RCA_radix4_8b:multiplier_inst|RCAfulladder_2Bitsm28b:estagio34RCA|RCAfulladderm28b:stage_1m28bRCA                                             ; RCAfulladderm28b           ; work         ;
;       |RCAfulladder_2Bitsm28b:estagio35RCA|           ; 4 (0)               ; 0 (0)                     ; 0           ; 0            ; 0       ; 0         ; 0    ; 0            ; |top_level|RCA_radix4_8b:multiplier_inst|RCAfulladder_2Bitsm28b:estagio35RCA                                                                             ; RCAfulladder_2Bitsm28b     ; work         ;
;          |RCAfulladderm28b:stage_0m28bRCA|            ; 2 (2)               ; 0 (0)                     ; 0           ; 0            ; 0       ; 0         ; 0    ; 0            ; |top_level|RCA_radix4_8b:multiplier_inst|RCAfulladder_2Bitsm28b:estagio35RCA|RCAfulladderm28b:stage_0m28bRCA                                             ; RCAfulladderm28b           ; work         ;
;          |RCAfulladderm28b:stage_1m28bRCA|            ; 2 (2)               ; 0 (0)                     ; 0           ; 0            ; 0       ; 0         ; 0    ; 0            ; |top_level|RCA_radix4_8b:multiplier_inst|RCAfulladder_2Bitsm28b:estagio35RCA|RCAfulladderm28b:stage_1m28bRCA                                             ; RCAfulladderm28b           ; work         ;
;       |RCAfulladder_npp_2Bitsm28b:estagio18RCA|       ; 4 (0)               ; 0 (0)                     ; 0           ; 0            ; 0       ; 0         ; 0    ; 0            ; |top_level|RCA_radix4_8b:multiplier_inst|RCAfulladder_npp_2Bitsm28b:estagio18RCA                                                                         ; RCAfulladder_npp_2Bitsm28b ; work         ;
;          |RCAfulladder_nppm28b:stage_1m28bRCA|        ; 2 (2)               ; 0 (0)                     ; 0           ; 0            ; 0       ; 0         ; 0    ; 0            ; |top_level|RCA_radix4_8b:multiplier_inst|RCAfulladder_npp_2Bitsm28b:estagio18RCA|RCAfulladder_nppm28b:stage_1m28bRCA                                     ; RCAfulladder_nppm28b       ; work         ;
;          |RCAfulladderm28b:stage_0m28bRCA|            ; 2 (2)               ; 0 (0)                     ; 0           ; 0            ; 0       ; 0         ; 0    ; 0            ; |top_level|RCA_radix4_8b:multiplier_inst|RCAfulladder_npp_2Bitsm28b:estagio18RCA|RCAfulladderm28b:stage_0m28bRCA                                         ; RCAfulladderm28b           ; work         ;
;       |RCAfulladder_npp_2Bitsm28b:estagio29RCA|       ; 4 (0)               ; 0 (0)                     ; 0           ; 0            ; 0       ; 0         ; 0    ; 0            ; |top_level|RCA_radix4_8b:multiplier_inst|RCAfulladder_npp_2Bitsm28b:estagio29RCA                                                                         ; RCAfulladder_npp_2Bitsm28b ; work         ;
;          |RCAfulladder_nppm28b:stage_1m28bRCA|        ; 2 (2)               ; 0 (0)                     ; 0           ; 0            ; 0       ; 0         ; 0    ; 0            ; |top_level|RCA_radix4_8b:multiplier_inst|RCAfulladder_npp_2Bitsm28b:estagio29RCA|RCAfulladder_nppm28b:stage_1m28bRCA                                     ; RCAfulladder_nppm28b       ; work         ;
;          |RCAfulladderm28b:stage_0m28bRCA|            ; 2 (2)               ; 0 (0)                     ; 0           ; 0            ; 0       ; 0         ; 0    ; 0            ; |top_level|RCA_radix4_8b:multiplier_inst|RCAfulladder_npp_2Bitsm28b:estagio29RCA|RCAfulladderm28b:stage_0m28bRCA                                         ; RCAfulladderm28b           ; work         ;
;       |RCAfulladder_npp_2Bitsm28b:estagio40RCA|       ; 4 (0)               ; 0 (0)                     ; 0           ; 0            ; 0       ; 0         ; 0    ; 0            ; |top_level|RCA_radix4_8b:multiplier_inst|RCAfulladder_npp_2Bitsm28b:estagio40RCA                                                                         ; RCAfulladder_npp_2Bitsm28b ; work         ;
;          |RCAfulladder_nppm28b:stage_1m28bRCA|        ; 2 (2)               ; 0 (0)                     ; 0           ; 0            ; 0       ; 0         ; 0    ; 0            ; |top_level|RCA_radix4_8b:multiplier_inst|RCAfulladder_npp_2Bitsm28b:estagio40RCA|RCAfulladder_nppm28b:stage_1m28bRCA                                     ; RCAfulladder_nppm28b       ; work         ;
;          |RCAfulladderm28b:stage_0m28bRCA|            ; 2 (2)               ; 0 (0)                     ; 0           ; 0            ; 0       ; 0         ; 0    ; 0            ; |top_level|RCA_radix4_8b:multiplier_inst|RCAfulladder_npp_2Bitsm28b:estagio40RCA|RCAfulladderm28b:stage_0m28bRCA                                         ; RCAfulladderm28b           ; work         ;
;       |RCAhalfadder_2Bitsm28b:estagio10RCA|           ; 3 (0)               ; 0 (0)                     ; 0           ; 0            ; 0       ; 0         ; 0    ; 0            ; |top_level|RCA_radix4_8b:multiplier_inst|RCAhalfadder_2Bitsm28b:estagio10RCA                                                                             ; RCAhalfadder_2Bitsm28b     ; work         ;
;          |RCAfulladderm28b:stage_1m28bRCA|            ; 2 (2)               ; 0 (0)                     ; 0           ; 0            ; 0       ; 0         ; 0    ; 0            ; |top_level|RCA_radix4_8b:multiplier_inst|RCAhalfadder_2Bitsm28b:estagio10RCA|RCAfulladderm28b:stage_1m28bRCA                                             ; RCAfulladderm28b           ; work         ;
;          |RCAhalfadderm28b:stage_0m28bRCA|            ; 1 (1)               ; 0 (0)                     ; 0           ; 0            ; 0       ; 0         ; 0    ; 0            ; |top_level|RCA_radix4_8b:multiplier_inst|RCAhalfadder_2Bitsm28b:estagio10RCA|RCAhalfadderm28b:stage_0m28bRCA                                             ; RCAhalfadderm28b           ; work         ;
;       |RCAhalfadder_2Bitsm28b:estagio21RCA|           ; 3 (0)               ; 0 (0)                     ; 0           ; 0            ; 0       ; 0         ; 0    ; 0            ; |top_level|RCA_radix4_8b:multiplier_inst|RCAhalfadder_2Bitsm28b:estagio21RCA                                                                             ; RCAhalfadder_2Bitsm28b     ; work         ;
;          |RCAfulladderm28b:stage_1m28bRCA|            ; 2 (2)               ; 0 (0)                     ; 0           ; 0            ; 0       ; 0         ; 0    ; 0            ; |top_level|RCA_radix4_8b:multiplier_inst|RCAhalfadder_2Bitsm28b:estagio21RCA|RCAfulladderm28b:stage_1m28bRCA                                             ; RCAfulladderm28b           ; work         ;
;          |RCAhalfadderm28b:stage_0m28bRCA|            ; 1 (1)               ; 0 (0)                     ; 0           ; 0            ; 0       ; 0         ; 0    ; 0            ; |top_level|RCA_radix4_8b:multiplier_inst|RCAhalfadder_2Bitsm28b:estagio21RCA|RCAhalfadderm28b:stage_0m28bRCA                                             ; RCAhalfadderm28b           ; work         ;
;       |RCAhalfadder_2Bitsm28b:estagio32RCA|           ; 3 (0)               ; 0 (0)                     ; 0           ; 0            ; 0       ; 0         ; 0    ; 0            ; |top_level|RCA_radix4_8b:multiplier_inst|RCAhalfadder_2Bitsm28b:estagio32RCA                                                                             ; RCAhalfadder_2Bitsm28b     ; work         ;
;          |RCAfulladderm28b:stage_1m28bRCA|            ; 2 (2)               ; 0 (0)                     ; 0           ; 0            ; 0       ; 0         ; 0    ; 0            ; |top_level|RCA_radix4_8b:multiplier_inst|RCAhalfadder_2Bitsm28b:estagio32RCA|RCAfulladderm28b:stage_1m28bRCA                                             ; RCAfulladderm28b           ; work         ;
;          |RCAhalfadderm28b:stage_0m28bRCA|            ; 1 (1)               ; 0 (0)                     ; 0           ; 0            ; 0       ; 0         ; 0    ; 0            ; |top_level|RCA_radix4_8b:multiplier_inst|RCAhalfadder_2Bitsm28b:estagio32RCA|RCAhalfadderm28b:stage_0m28bRCA                                             ; RCAhalfadderm28b           ; work         ;
;       |RCAoperando1m28b:estagio0m28bRCA|              ; 30 (0)              ; 0 (0)                     ; 0           ; 0            ; 0       ; 0         ; 0    ; 0            ; |top_level|RCA_radix4_8b:multiplier_inst|RCAoperando1m28b:estagio0m28bRCA                                                                                ; RCAoperando1m28b           ; work         ;
;          |RCAbitsadder_2Bitsm28b:stage_7m28bRCA|      ; 2 (1)               ; 0 (0)                     ; 0           ; 0            ; 0       ; 0         ; 0    ; 0            ; |top_level|RCA_radix4_8b:multiplier_inst|RCAoperando1m28b:estagio0m28bRCA|RCAbitsadder_2Bitsm28b:stage_7m28bRCA                                          ; RCAbitsadder_2Bitsm28b     ; work         ;
;             |RCAhalfadderm28b:stage_0m28bRCA|         ; 1 (1)               ; 0 (0)                     ; 0           ; 0            ; 0       ; 0         ; 0    ; 0            ; |top_level|RCA_radix4_8b:multiplier_inst|RCAoperando1m28b:estagio0m28bRCA|RCAbitsadder_2Bitsm28b:stage_7m28bRCA|RCAhalfadderm28b:stage_0m28bRCA          ; RCAhalfadderm28b           ; work         ;
;          |RCAfulladder_2Bitsm28b:stage_5m28bRCA|      ; 4 (0)               ; 0 (0)                     ; 0           ; 0            ; 0       ; 0         ; 0    ; 0            ; |top_level|RCA_radix4_8b:multiplier_inst|RCAoperando1m28b:estagio0m28bRCA|RCAfulladder_2Bitsm28b:stage_5m28bRCA                                          ; RCAfulladder_2Bitsm28b     ; work         ;
;             |RCAfulladderm28b:stage_0m28bRCA|         ; 2 (2)               ; 0 (0)                     ; 0           ; 0            ; 0       ; 0         ; 0    ; 0            ; |top_level|RCA_radix4_8b:multiplier_inst|RCAoperando1m28b:estagio0m28bRCA|RCAfulladder_2Bitsm28b:stage_5m28bRCA|RCAfulladderm28b:stage_0m28bRCA          ; RCAfulladderm28b           ; work         ;
;             |RCAfulladderm28b:stage_1m28bRCA|         ; 2 (2)               ; 0 (0)                     ; 0           ; 0            ; 0       ; 0         ; 0    ; 0            ; |top_level|RCA_radix4_8b:multiplier_inst|RCAoperando1m28b:estagio0m28bRCA|RCAfulladder_2Bitsm28b:stage_5m28bRCA|RCAfulladderm28b:stage_1m28bRCA          ; RCAfulladderm28b           ; work         ;
;          |RCAfulladder_2Bitsm28b:stage_6m28bRCA|      ; 4 (0)               ; 0 (0)                     ; 0           ; 0            ; 0       ; 0         ; 0    ; 0            ; |top_level|RCA_radix4_8b:multiplier_inst|RCAoperando1m28b:estagio0m28bRCA|RCAfulladder_2Bitsm28b:stage_6m28bRCA                                          ; RCAfulladder_2Bitsm28b     ; work         ;
;             |RCAfulladderm28b:stage_0m28bRCA|         ; 2 (2)               ; 0 (0)                     ; 0           ; 0            ; 0       ; 0         ; 0    ; 0            ; |top_level|RCA_radix4_8b:multiplier_inst|RCAoperando1m28b:estagio0m28bRCA|RCAfulladder_2Bitsm28b:stage_6m28bRCA|RCAfulladderm28b:stage_0m28bRCA          ; RCAfulladderm28b           ; work         ;
;             |RCAfulladderm28b:stage_1m28bRCA|         ; 2 (2)               ; 0 (0)                     ; 0           ; 0            ; 0       ; 0         ; 0    ; 0            ; |top_level|RCA_radix4_8b:multiplier_inst|RCAoperando1m28b:estagio0m28bRCA|RCAfulladder_2Bitsm28b:stage_6m28bRCA|RCAfulladderm28b:stage_1m28bRCA          ; RCAfulladderm28b           ; work         ;
;          |RCAhalfadder_2Bitsm28b:stage_4m28bRCA|      ; 4 (0)               ; 0 (0)                     ; 0           ; 0            ; 0       ; 0         ; 0    ; 0            ; |top_level|RCA_radix4_8b:multiplier_inst|RCAoperando1m28b:estagio0m28bRCA|RCAhalfadder_2Bitsm28b:stage_4m28bRCA                                          ; RCAhalfadder_2Bitsm28b     ; work         ;
;             |RCAfulladderm28b:stage_1m28bRCA|         ; 3 (3)               ; 0 (0)                     ; 0           ; 0            ; 0       ; 0         ; 0    ; 0            ; |top_level|RCA_radix4_8b:multiplier_inst|RCAoperando1m28b:estagio0m28bRCA|RCAhalfadder_2Bitsm28b:stage_4m28bRCA|RCAfulladderm28b:stage_1m28bRCA          ; RCAfulladderm28b           ; work         ;
;             |RCAhalfadderm28b:stage_0m28bRCA|         ; 1 (1)               ; 0 (0)                     ; 0           ; 0            ; 0       ; 0         ; 0    ; 0            ; |top_level|RCA_radix4_8b:multiplier_inst|RCAoperando1m28b:estagio0m28bRCA|RCAhalfadder_2Bitsm28b:stage_4m28bRCA|RCAhalfadderm28b:stage_0m28bRCA          ; RCAhalfadderm28b           ; work         ;
;          |RCAmulttipo1xm28b:stage_0m28bRCA|           ; 4 (4)               ; 0 (0)                     ; 0           ; 0            ; 0       ; 0         ; 0    ; 0            ; |top_level|RCA_radix4_8b:multiplier_inst|RCAoperando1m28b:estagio0m28bRCA|RCAmulttipo1xm28b:stage_0m28bRCA                                               ; RCAmulttipo1xm28b          ; work         ;
;          |RCAmulttipo1xm28b:stage_1m28bRCA|           ; 4 (4)               ; 0 (0)                     ; 0           ; 0            ; 0       ; 0         ; 0    ; 0            ; |top_level|RCA_radix4_8b:multiplier_inst|RCAoperando1m28b:estagio0m28bRCA|RCAmulttipo1xm28b:stage_1m28bRCA                                               ; RCAmulttipo1xm28b          ; work         ;
;          |RCAmulttipo1xm28b:stage_2m28bRCA|           ; 4 (4)               ; 0 (0)                     ; 0           ; 0            ; 0       ; 0         ; 0    ; 0            ; |top_level|RCA_radix4_8b:multiplier_inst|RCAoperando1m28b:estagio0m28bRCA|RCAmulttipo1xm28b:stage_2m28bRCA                                               ; RCAmulttipo1xm28b          ; work         ;
;          |RCAmulttipo2xam28b:stage_3m28bRCA|          ; 4 (4)               ; 0 (0)                     ; 0           ; 0            ; 0       ; 0         ; 0    ; 0            ; |top_level|RCA_radix4_8b:multiplier_inst|RCAoperando1m28b:estagio0m28bRCA|RCAmulttipo2xam28b:stage_3m28bRCA                                              ; RCAmulttipo2xam28b         ; work         ;
;       |RCAoperando1m28b:estagio1m28bRCA|              ; 29 (0)              ; 0 (0)                     ; 0           ; 0            ; 0       ; 0         ; 0    ; 0            ; |top_level|RCA_radix4_8b:multiplier_inst|RCAoperando1m28b:estagio1m28bRCA                                                                                ; RCAoperando1m28b           ; work         ;
;          |RCAbitsadder_2Bitsm28b:stage_7m28bRCA|      ; 1 (0)               ; 0 (0)                     ; 0           ; 0            ; 0       ; 0         ; 0    ; 0            ; |top_level|RCA_radix4_8b:multiplier_inst|RCAoperando1m28b:estagio1m28bRCA|RCAbitsadder_2Bitsm28b:stage_7m28bRCA                                          ; RCAbitsadder_2Bitsm28b     ; work         ;
;             |RCAhalfadderm28b:stage_0m28bRCA|         ; 1 (1)               ; 0 (0)                     ; 0           ; 0            ; 0       ; 0         ; 0    ; 0            ; |top_level|RCA_radix4_8b:multiplier_inst|RCAoperando1m28b:estagio1m28bRCA|RCAbitsadder_2Bitsm28b:stage_7m28bRCA|RCAhalfadderm28b:stage_0m28bRCA          ; RCAhalfadderm28b           ; work         ;
;          |RCAfulladder_2Bitsm28b:stage_5m28bRCA|      ; 4 (0)               ; 0 (0)                     ; 0           ; 0            ; 0       ; 0         ; 0    ; 0            ; |top_level|RCA_radix4_8b:multiplier_inst|RCAoperando1m28b:estagio1m28bRCA|RCAfulladder_2Bitsm28b:stage_5m28bRCA                                          ; RCAfulladder_2Bitsm28b     ; work         ;
;             |RCAfulladderm28b:stage_0m28bRCA|         ; 2 (2)               ; 0 (0)                     ; 0           ; 0            ; 0       ; 0         ; 0    ; 0            ; |top_level|RCA_radix4_8b:multiplier_inst|RCAoperando1m28b:estagio1m28bRCA|RCAfulladder_2Bitsm28b:stage_5m28bRCA|RCAfulladderm28b:stage_0m28bRCA          ; RCAfulladderm28b           ; work         ;
;             |RCAfulladderm28b:stage_1m28bRCA|         ; 2 (2)               ; 0 (0)                     ; 0           ; 0            ; 0       ; 0         ; 0    ; 0            ; |top_level|RCA_radix4_8b:multiplier_inst|RCAoperando1m28b:estagio1m28bRCA|RCAfulladder_2Bitsm28b:stage_5m28bRCA|RCAfulladderm28b:stage_1m28bRCA          ; RCAfulladderm28b           ; work         ;
;          |RCAfulladder_2Bitsm28b:stage_6m28bRCA|      ; 5 (0)               ; 0 (0)                     ; 0           ; 0            ; 0       ; 0         ; 0    ; 0            ; |top_level|RCA_radix4_8b:multiplier_inst|RCAoperando1m28b:estagio1m28bRCA|RCAfulladder_2Bitsm28b:stage_6m28bRCA                                          ; RCAfulladder_2Bitsm28b     ; work         ;
;             |RCAfulladderm28b:stage_0m28bRCA|         ; 2 (2)               ; 0 (0)                     ; 0           ; 0            ; 0       ; 0         ; 0    ; 0            ; |top_level|RCA_radix4_8b:multiplier_inst|RCAoperando1m28b:estagio1m28bRCA|RCAfulladder_2Bitsm28b:stage_6m28bRCA|RCAfulladderm28b:stage_0m28bRCA          ; RCAfulladderm28b           ; work         ;
;             |RCAfulladderm28b:stage_1m28bRCA|         ; 3 (3)               ; 0 (0)                     ; 0           ; 0            ; 0       ; 0         ; 0    ; 0            ; |top_level|RCA_radix4_8b:multiplier_inst|RCAoperando1m28b:estagio1m28bRCA|RCAfulladder_2Bitsm28b:stage_6m28bRCA|RCAfulladderm28b:stage_1m28bRCA          ; RCAfulladderm28b           ; work         ;
;          |RCAhalfadder_2Bitsm28b:stage_4m28bRCA|      ; 3 (0)               ; 0 (0)                     ; 0           ; 0            ; 0       ; 0         ; 0    ; 0            ; |top_level|RCA_radix4_8b:multiplier_inst|RCAoperando1m28b:estagio1m28bRCA|RCAhalfadder_2Bitsm28b:stage_4m28bRCA                                          ; RCAhalfadder_2Bitsm28b     ; work         ;
;             |RCAfulladderm28b:stage_1m28bRCA|         ; 2 (2)               ; 0 (0)                     ; 0           ; 0            ; 0       ; 0         ; 0    ; 0            ; |top_level|RCA_radix4_8b:multiplier_inst|RCAoperando1m28b:estagio1m28bRCA|RCAhalfadder_2Bitsm28b:stage_4m28bRCA|RCAfulladderm28b:stage_1m28bRCA          ; RCAfulladderm28b           ; work         ;
;             |RCAhalfadderm28b:stage_0m28bRCA|         ; 1 (1)               ; 0 (0)                     ; 0           ; 0            ; 0       ; 0         ; 0    ; 0            ; |top_level|RCA_radix4_8b:multiplier_inst|RCAoperando1m28b:estagio1m28bRCA|RCAhalfadder_2Bitsm28b:stage_4m28bRCA|RCAhalfadderm28b:stage_0m28bRCA          ; RCAhalfadderm28b           ; work         ;
;          |RCAmulttipo1xm28b:stage_0m28bRCA|           ; 4 (4)               ; 0 (0)                     ; 0           ; 0            ; 0       ; 0         ; 0    ; 0            ; |top_level|RCA_radix4_8b:multiplier_inst|RCAoperando1m28b:estagio1m28bRCA|RCAmulttipo1xm28b:stage_0m28bRCA                                               ; RCAmulttipo1xm28b          ; work         ;
;          |RCAmulttipo1xm28b:stage_1m28bRCA|           ; 4 (4)               ; 0 (0)                     ; 0           ; 0            ; 0       ; 0         ; 0    ; 0            ; |top_level|RCA_radix4_8b:multiplier_inst|RCAoperando1m28b:estagio1m28bRCA|RCAmulttipo1xm28b:stage_1m28bRCA                                               ; RCAmulttipo1xm28b          ; work         ;
;          |RCAmulttipo1xm28b:stage_2m28bRCA|           ; 4 (4)               ; 0 (0)                     ; 0           ; 0            ; 0       ; 0         ; 0    ; 0            ; |top_level|RCA_radix4_8b:multiplier_inst|RCAoperando1m28b:estagio1m28bRCA|RCAmulttipo1xm28b:stage_2m28bRCA                                               ; RCAmulttipo1xm28b          ; work         ;
;          |RCAmulttipo2xam28b:stage_3m28bRCA|          ; 4 (4)               ; 0 (0)                     ; 0           ; 0            ; 0       ; 0         ; 0    ; 0            ; |top_level|RCA_radix4_8b:multiplier_inst|RCAoperando1m28b:estagio1m28bRCA|RCAmulttipo2xam28b:stage_3m28bRCA                                              ; RCAmulttipo2xam28b         ; work         ;
;       |RCAoperando1m28b:estagio2m28bRCA|              ; 28 (0)              ; 0 (0)                     ; 0           ; 0            ; 0       ; 0         ; 0    ; 0            ; |top_level|RCA_radix4_8b:multiplier_inst|RCAoperando1m28b:estagio2m28bRCA                                                                                ; RCAoperando1m28b           ; work         ;
;          |RCAbitsadder_2Bitsm28b:stage_7m28bRCA|      ; 1 (0)               ; 0 (0)                     ; 0           ; 0            ; 0       ; 0         ; 0    ; 0            ; |top_level|RCA_radix4_8b:multiplier_inst|RCAoperando1m28b:estagio2m28bRCA|RCAbitsadder_2Bitsm28b:stage_7m28bRCA                                          ; RCAbitsadder_2Bitsm28b     ; work         ;
;             |RCAhalfadderm28b:stage_0m28bRCA|         ; 1 (1)               ; 0 (0)                     ; 0           ; 0            ; 0       ; 0         ; 0    ; 0            ; |top_level|RCA_radix4_8b:multiplier_inst|RCAoperando1m28b:estagio2m28bRCA|RCAbitsadder_2Bitsm28b:stage_7m28bRCA|RCAhalfadderm28b:stage_0m28bRCA          ; RCAhalfadderm28b           ; work         ;
;          |RCAfulladder_2Bitsm28b:stage_5m28bRCA|      ; 4 (0)               ; 0 (0)                     ; 0           ; 0            ; 0       ; 0         ; 0    ; 0            ; |top_level|RCA_radix4_8b:multiplier_inst|RCAoperando1m28b:estagio2m28bRCA|RCAfulladder_2Bitsm28b:stage_5m28bRCA                                          ; RCAfulladder_2Bitsm28b     ; work         ;
;             |RCAfulladderm28b:stage_0m28bRCA|         ; 2 (2)               ; 0 (0)                     ; 0           ; 0            ; 0       ; 0         ; 0    ; 0            ; |top_level|RCA_radix4_8b:multiplier_inst|RCAoperando1m28b:estagio2m28bRCA|RCAfulladder_2Bitsm28b:stage_5m28bRCA|RCAfulladderm28b:stage_0m28bRCA          ; RCAfulladderm28b           ; work         ;
;             |RCAfulladderm28b:stage_1m28bRCA|         ; 2 (2)               ; 0 (0)                     ; 0           ; 0            ; 0       ; 0         ; 0    ; 0            ; |top_level|RCA_radix4_8b:multiplier_inst|RCAoperando1m28b:estagio2m28bRCA|RCAfulladder_2Bitsm28b:stage_5m28bRCA|RCAfulladderm28b:stage_1m28bRCA          ; RCAfulladderm28b           ; work         ;
;          |RCAfulladder_2Bitsm28b:stage_6m28bRCA|      ; 4 (0)               ; 0 (0)                     ; 0           ; 0            ; 0       ; 0         ; 0    ; 0            ; |top_level|RCA_radix4_8b:multiplier_inst|RCAoperando1m28b:estagio2m28bRCA|RCAfulladder_2Bitsm28b:stage_6m28bRCA                                          ; RCAfulladder_2Bitsm28b     ; work         ;
;             |RCAfulladderm28b:stage_0m28bRCA|         ; 2 (2)               ; 0 (0)                     ; 0           ; 0            ; 0       ; 0         ; 0    ; 0            ; |top_level|RCA_radix4_8b:multiplier_inst|RCAoperando1m28b:estagio2m28bRCA|RCAfulladder_2Bitsm28b:stage_6m28bRCA|RCAfulladderm28b:stage_0m28bRCA          ; RCAfulladderm28b           ; work         ;
;             |RCAfulladderm28b:stage_1m28bRCA|         ; 2 (2)               ; 0 (0)                     ; 0           ; 0            ; 0       ; 0         ; 0    ; 0            ; |top_level|RCA_radix4_8b:multiplier_inst|RCAoperando1m28b:estagio2m28bRCA|RCAfulladder_2Bitsm28b:stage_6m28bRCA|RCAfulladderm28b:stage_1m28bRCA          ; RCAfulladderm28b           ; work         ;
;          |RCAhalfadder_2Bitsm28b:stage_4m28bRCA|      ; 3 (0)               ; 0 (0)                     ; 0           ; 0            ; 0       ; 0         ; 0    ; 0            ; |top_level|RCA_radix4_8b:multiplier_inst|RCAoperando1m28b:estagio2m28bRCA|RCAhalfadder_2Bitsm28b:stage_4m28bRCA                                          ; RCAhalfadder_2Bitsm28b     ; work         ;
;             |RCAfulladderm28b:stage_1m28bRCA|         ; 2 (2)               ; 0 (0)                     ; 0           ; 0            ; 0       ; 0         ; 0    ; 0            ; |top_level|RCA_radix4_8b:multiplier_inst|RCAoperando1m28b:estagio2m28bRCA|RCAhalfadder_2Bitsm28b:stage_4m28bRCA|RCAfulladderm28b:stage_1m28bRCA          ; RCAfulladderm28b           ; work         ;
;             |RCAhalfadderm28b:stage_0m28bRCA|         ; 1 (1)               ; 0 (0)                     ; 0           ; 0            ; 0       ; 0         ; 0    ; 0            ; |top_level|RCA_radix4_8b:multiplier_inst|RCAoperando1m28b:estagio2m28bRCA|RCAhalfadder_2Bitsm28b:stage_4m28bRCA|RCAhalfadderm28b:stage_0m28bRCA          ; RCAhalfadderm28b           ; work         ;
;          |RCAmulttipo1xm28b:stage_0m28bRCA|           ; 4 (4)               ; 0 (0)                     ; 0           ; 0            ; 0       ; 0         ; 0    ; 0            ; |top_level|RCA_radix4_8b:multiplier_inst|RCAoperando1m28b:estagio2m28bRCA|RCAmulttipo1xm28b:stage_0m28bRCA                                               ; RCAmulttipo1xm28b          ; work         ;
;          |RCAmulttipo1xm28b:stage_1m28bRCA|           ; 4 (4)               ; 0 (0)                     ; 0           ; 0            ; 0       ; 0         ; 0    ; 0            ; |top_level|RCA_radix4_8b:multiplier_inst|RCAoperando1m28b:estagio2m28bRCA|RCAmulttipo1xm28b:stage_1m28bRCA                                               ; RCAmulttipo1xm28b          ; work         ;
;          |RCAmulttipo1xm28b:stage_2m28bRCA|           ; 4 (4)               ; 0 (0)                     ; 0           ; 0            ; 0       ; 0         ; 0    ; 0            ; |top_level|RCA_radix4_8b:multiplier_inst|RCAoperando1m28b:estagio2m28bRCA|RCAmulttipo1xm28b:stage_2m28bRCA                                               ; RCAmulttipo1xm28b          ; work         ;
;          |RCAmulttipo2xam28b:stage_3m28bRCA|          ; 4 (4)               ; 0 (0)                     ; 0           ; 0            ; 0       ; 0         ; 0    ; 0            ; |top_level|RCA_radix4_8b:multiplier_inst|RCAoperando1m28b:estagio2m28bRCA|RCAmulttipo2xam28b:stage_3m28bRCA                                              ; RCAmulttipo2xam28b         ; work         ;
;       |RCAoperando2m28b:estagio3m28bRCA|              ; 31 (0)              ; 0 (0)                     ; 0           ; 0            ; 0       ; 0         ; 0    ; 0            ; |top_level|RCA_radix4_8b:multiplier_inst|RCAoperando2m28b:estagio3m28bRCA                                                                                ; RCAoperando2m28b           ; work         ;
;          |RCAfulladder_npp_2Bitsm28b:stage_5am28bRCA| ; 3 (0)               ; 0 (0)                     ; 0           ; 0            ; 0       ; 0         ; 0    ; 0            ; |top_level|RCA_radix4_8b:multiplier_inst|RCAoperando2m28b:estagio3m28bRCA|RCAfulladder_npp_2Bitsm28b:stage_5am28bRCA                                     ; RCAfulladder_npp_2Bitsm28b ; work         ;
;             |RCAfulladder_nppm28b:stage_1m28bRCA|     ; 2 (2)               ; 0 (0)                     ; 0           ; 0            ; 0       ; 0         ; 0    ; 0            ; |top_level|RCA_radix4_8b:multiplier_inst|RCAoperando2m28b:estagio3m28bRCA|RCAfulladder_npp_2Bitsm28b:stage_5am28bRCA|RCAfulladder_nppm28b:stage_1m28bRCA ; RCAfulladder_nppm28b       ; work         ;
;             |RCAfulladderm28b:stage_0m28bRCA|         ; 1 (1)               ; 0 (0)                     ; 0           ; 0            ; 0       ; 0         ; 0    ; 0            ; |top_level|RCA_radix4_8b:multiplier_inst|RCAoperando2m28b:estagio3m28bRCA|RCAfulladder_npp_2Bitsm28b:stage_5am28bRCA|RCAfulladderm28b:stage_0m28bRCA     ; RCAfulladderm28b           ; work         ;
;          |RCAfulladder_npp_2Bitsm28b:stage_7am28bRCA| ; 3 (0)               ; 0 (0)                     ; 0           ; 0            ; 0       ; 0         ; 0    ; 0            ; |top_level|RCA_radix4_8b:multiplier_inst|RCAoperando2m28b:estagio3m28bRCA|RCAfulladder_npp_2Bitsm28b:stage_7am28bRCA                                     ; RCAfulladder_npp_2Bitsm28b ; work         ;
;             |RCAfulladder_nppm28b:stage_1m28bRCA|     ; 1 (1)               ; 0 (0)                     ; 0           ; 0            ; 0       ; 0         ; 0    ; 0            ; |top_level|RCA_radix4_8b:multiplier_inst|RCAoperando2m28b:estagio3m28bRCA|RCAfulladder_npp_2Bitsm28b:stage_7am28bRCA|RCAfulladder_nppm28b:stage_1m28bRCA ; RCAfulladder_nppm28b       ; work         ;
;             |RCAfulladderm28b:stage_0m28bRCA|         ; 2 (2)               ; 0 (0)                     ; 0           ; 0            ; 0       ; 0         ; 0    ; 0            ; |top_level|RCA_radix4_8b:multiplier_inst|RCAoperando2m28b:estagio3m28bRCA|RCAfulladder_npp_2Bitsm28b:stage_7am28bRCA|RCAfulladderm28b:stage_0m28bRCA     ; RCAfulladderm28b           ; work         ;
;          |RCAfulladder_npp_2Bitsm28b:stage_9am28bRCA| ; 2 (0)               ; 0 (0)                     ; 0           ; 0            ; 0       ; 0         ; 0    ; 0            ; |top_level|RCA_radix4_8b:multiplier_inst|RCAoperando2m28b:estagio3m28bRCA|RCAfulladder_npp_2Bitsm28b:stage_9am28bRCA                                     ; RCAfulladder_npp_2Bitsm28b ; work         ;
;             |RCAfulladderm28b:stage_0m28bRCA|         ; 2 (2)               ; 0 (0)                     ; 0           ; 0            ; 0       ; 0         ; 0    ; 0            ; |top_level|RCA_radix4_8b:multiplier_inst|RCAoperando2m28b:estagio3m28bRCA|RCAfulladder_npp_2Bitsm28b:stage_9am28bRCA|RCAfulladderm28b:stage_0m28bRCA     ; RCAfulladderm28b           ; work         ;
;          |RCAhalfadder_2Bitsm28b:stage_4am28bRCA|     ; 4 (0)               ; 0 (0)                     ; 0           ; 0            ; 0       ; 0         ; 0    ; 0            ; |top_level|RCA_radix4_8b:multiplier_inst|RCAoperando2m28b:estagio3m28bRCA|RCAhalfadder_2Bitsm28b:stage_4am28bRCA                                         ; RCAhalfadder_2Bitsm28b     ; work         ;
;             |RCAfulladderm28b:stage_1m28bRCA|         ; 2 (2)               ; 0 (0)                     ; 0           ; 0            ; 0       ; 0         ; 0    ; 0            ; |top_level|RCA_radix4_8b:multiplier_inst|RCAoperando2m28b:estagio3m28bRCA|RCAhalfadder_2Bitsm28b:stage_4am28bRCA|RCAfulladderm28b:stage_1m28bRCA         ; RCAfulladderm28b           ; work         ;
;             |RCAhalfadderm28b:stage_0m28bRCA|         ; 2 (2)               ; 0 (0)                     ; 0           ; 0            ; 0       ; 0         ; 0    ; 0            ; |top_level|RCA_radix4_8b:multiplier_inst|RCAoperando2m28b:estagio3m28bRCA|RCAhalfadder_2Bitsm28b:stage_4am28bRCA|RCAhalfadderm28b:stage_0m28bRCA         ; RCAhalfadderm28b           ; work         ;
;          |RCAhalfadder_2Bitsm28b:stage_6am28bRCA|     ; 4 (0)               ; 0 (0)                     ; 0           ; 0            ; 0       ; 0         ; 0    ; 0            ; |top_level|RCA_radix4_8b:multiplier_inst|RCAoperando2m28b:estagio3m28bRCA|RCAhalfadder_2Bitsm28b:stage_6am28bRCA                                         ; RCAhalfadder_2Bitsm28b     ; work         ;
;             |RCAfulladderm28b:stage_1m28bRCA|         ; 2 (2)               ; 0 (0)                     ; 0           ; 0            ; 0       ; 0         ; 0    ; 0            ; |top_level|RCA_radix4_8b:multiplier_inst|RCAoperando2m28b:estagio3m28bRCA|RCAhalfadder_2Bitsm28b:stage_6am28bRCA|RCAfulladderm28b:stage_1m28bRCA         ; RCAfulladderm28b           ; work         ;
;             |RCAhalfadderm28b:stage_0m28bRCA|         ; 2 (2)               ; 0 (0)                     ; 0           ; 0            ; 0       ; 0         ; 0    ; 0            ; |top_level|RCA_radix4_8b:multiplier_inst|RCAoperando2m28b:estagio3m28bRCA|RCAhalfadder_2Bitsm28b:stage_6am28bRCA|RCAhalfadderm28b:stage_0m28bRCA         ; RCAhalfadderm28b           ; work         ;
;          |RCAhalfadder_2Bitsm28b:stage_8am28bRCA|     ; 4 (0)               ; 0 (0)                     ; 0           ; 0            ; 0       ; 0         ; 0    ; 0            ; |top_level|RCA_radix4_8b:multiplier_inst|RCAoperando2m28b:estagio3m28bRCA|RCAhalfadder_2Bitsm28b:stage_8am28bRCA                                         ; RCAhalfadder_2Bitsm28b     ; work         ;
;             |RCAfulladderm28b:stage_1m28bRCA|         ; 2 (2)               ; 0 (0)                     ; 0           ; 0            ; 0       ; 0         ; 0    ; 0            ; |top_level|RCA_radix4_8b:multiplier_inst|RCAoperando2m28b:estagio3m28bRCA|RCAhalfadder_2Bitsm28b:stage_8am28bRCA|RCAfulladderm28b:stage_1m28bRCA         ; RCAfulladderm28b           ; work         ;
;             |RCAhalfadderm28b:stage_0m28bRCA|         ; 2 (2)               ; 0 (0)                     ; 0           ; 0            ; 0       ; 0         ; 0    ; 0            ; |top_level|RCA_radix4_8b:multiplier_inst|RCAoperando2m28b:estagio3m28bRCA|RCAhalfadder_2Bitsm28b:stage_8am28bRCA|RCAhalfadderm28b:stage_0m28bRCA         ; RCAhalfadderm28b           ; work         ;
;          |RCAmulttipo2xm28b:stage_0am28bRCA|          ; 3 (3)               ; 0 (0)                     ; 0           ; 0            ; 0       ; 0         ; 0    ; 0            ; |top_level|RCA_radix4_8b:multiplier_inst|RCAoperando2m28b:estagio3m28bRCA|RCAmulttipo2xm28b:stage_0am28bRCA                                              ; RCAmulttipo2xm28b          ; work         ;
;          |RCAmulttipo2xm28b:stage_2am28bRCA|          ; 4 (4)               ; 0 (0)                     ; 0           ; 0            ; 0       ; 0         ; 0    ; 0            ; |top_level|RCA_radix4_8b:multiplier_inst|RCAoperando2m28b:estagio3m28bRCA|RCAmulttipo2xm28b:stage_2am28bRCA                                              ; RCAmulttipo2xm28b          ; work         ;
;          |RCAmulttipo3xm28b:stage_3am28bRCA|          ; 4 (4)               ; 0 (0)                     ; 0           ; 0            ; 0       ; 0         ; 0    ; 0            ; |top_level|RCA_radix4_8b:multiplier_inst|RCAoperando2m28b:estagio3m28bRCA|RCAmulttipo3xm28b:stage_3am28bRCA                                              ; RCAmulttipo3xm28b          ; work         ;
+-------------------------------------------------------+---------------------+---------------------------+-------------+--------------+---------+-----------+------+--------------+----------------------------------------------------------------------------------------------------------------------------------------------------------+----------------------------+--------------+
Note: For table entries with two numbers listed, the numbers in parentheses indicate the number of resources of the given type used by the specific entity alone. The numbers listed outside of parentheses indicate the total resources of the given type used by the specific entity and all of its sub-entities in the hierarchy.


+------------------------------------------------------+
; General Register Statistics                          ;
+----------------------------------------------+-------+
; Statistic                                    ; Value ;
+----------------------------------------------+-------+
; Total registers                              ; 32    ;
; Number of registers using Synchronous Clear  ; 0     ;
; Number of registers using Synchronous Load   ; 0     ;
; Number of registers using Asynchronous Clear ; 32    ;
; Number of registers using Asynchronous Load  ; 0     ;
; Number of registers using Clock Enable       ; 0     ;
; Number of registers using Preset             ; 0     ;
+----------------------------------------------+-------+


+-----------------------------------------------------+
; Post-Synthesis Netlist Statistics for Top Partition ;
+-----------------------+-----------------------------+
; Type                  ; Count                       ;
+-----------------------+-----------------------------+
; boundary_port         ; 34                          ;
; cycloneiii_ff         ; 32                          ;
;     CLR               ; 32                          ;
; cycloneiii_lcell_comb ; 176                         ;
;     normal            ; 176                         ;
;         2 data inputs ; 27                          ;
;         3 data inputs ; 24                          ;
;         4 data inputs ; 125                         ;
;                       ;                             ;
; Max LUT depth         ; 16.00                       ;
; Average LUT depth     ; 10.11                       ;
+-----------------------+-----------------------------+


+-------------------------------+
; Elapsed Time Per Partition    ;
+----------------+--------------+
; Partition Name ; Elapsed Time ;
+----------------+--------------+
; Top            ; 00:00:00     ;
+----------------+--------------+


+-------------------------------+
; Analysis & Synthesis Messages ;
+-------------------------------+
Info: *******************************************************************
Info: Running Quartus Prime Analysis & Synthesis
    Info: Version 24.1std.0 Build 1077 03/04/2025 SC Lite Edition
    Info: Processing started: Mon Nov  3 19:46:34 2025
Info: Command: quartus_map --read_settings_files=on --write_settings_files=off Alg_RCA_radix_correto -c Alg_RCA_radix_correto
Warning (18236): Number of processors has not been specified which may cause overloading on shared machines.  Set the global assignment NUM_PARALLEL_PROCESSORS in your QSF to an appropriate value for best performance.
Info (20030): Parallel compilation is enabled and will use 8 of the 8 processors detected
Info (12021): Found 2 design units, including 1 entities, in source file top_level.vhd
    Info (12022): Found design unit 1: top_level-rtl File: F:/github_projects/Circuito Timing Multiplicadores/Alg_RCA_radix_correto/top_level.vhd Line: 14
    Info (12023): Found entity 1: top_level File: F:/github_projects/Circuito Timing Multiplicadores/Alg_RCA_radix_correto/top_level.vhd Line: 4
Info (12021): Found 31 design units, including 14 entities, in source file rca_radix4_8b.vhd
    Info (12022): Found design unit 1: RCAmulttipo1xm28b-RCAcomportamento1m28b File: F:/github_projects/Circuito Timing Multiplicadores/Alg_RCA_radix_correto/RCA_radix4_8b.vhd Line: 10
    Info (12022): Found design unit 2: RCAmulttipo2xam28b-RCAcomportamento2m28b File: F:/github_projects/Circuito Timing Multiplicadores/Alg_RCA_radix_correto/RCA_radix4_8b.vhd Line: 33
    Info (12022): Found design unit 3: RCAhalfadderm28b-RCAcomportamento3m28b File: F:/github_projects/Circuito Timing Multiplicadores/Alg_RCA_radix_correto/RCA_radix4_8b.vhd Line: 59
    Info (12022): Found design unit 4: RCAfulladderm28b-RCAcomportamento4m28b File: F:/github_projects/Circuito Timing Multiplicadores/Alg_RCA_radix_correto/RCA_radix4_8b.vhd Line: 75
    Info (12022): Found design unit 5: RCAmulttipo2xm28b-RCAcomportamento5m28b File: F:/github_projects/Circuito Timing Multiplicadores/Alg_RCA_radix_correto/RCA_radix4_8b.vhd Line: 95
    Info (12022): Found design unit 6: RCAmulttipo3xm28b-RCAcomportamento6m28b File: F:/github_projects/Circuito Timing Multiplicadores/Alg_RCA_radix_correto/RCA_radix4_8b.vhd Line: 123
    Info (12022): Found design unit 7: RCAfulladder_nppm28b-RCAcomportamento7m28b File: F:/github_projects/Circuito Timing Multiplicadores/Alg_RCA_radix_correto/RCA_radix4_8b.vhd Line: 154
    Info (12022): Found design unit 8: my_componentsm28bRCA File: F:/github_projects/Circuito Timing Multiplicadores/Alg_RCA_radix_correto/RCA_radix4_8b.vhd Line: 167
    Info (12022): Found design unit 9: RCAhalfadder_2Bitsm28b-RCAcomportamento8m28b File: F:/github_projects/Circuito Timing Multiplicadores/Alg_RCA_radix_correto/RCA_radix4_8b.vhd Line: 224
    Info (12022): Found design unit 10: RCAfulladder_2Bitsm28b-RCAcomportamento9m28b File: F:/github_projects/Circuito Timing Multiplicadores/Alg_RCA_radix_correto/RCA_radix4_8b.vhd Line: 242
    Info (12022): Found design unit 11: RCAbitsadder_2Bitsm28b-RCAcomportamento10m28b File: F:/github_projects/Circuito Timing Multiplicadores/Alg_RCA_radix_correto/RCA_radix4_8b.vhd Line: 260
    Info (12022): Found design unit 12: RCAfulladder_npp_2Bitsm28b-RCAcomportamento11m28b File: F:/github_projects/Circuito Timing Multiplicadores/Alg_RCA_radix_correto/RCA_radix4_8b.vhd Line: 279
    Info (12022): Found design unit 13: my_components1m28bRCA File: F:/github_projects/Circuito Timing Multiplicadores/Alg_RCA_radix_correto/RCA_radix4_8b.vhd Line: 291
    Info (12022): Found design unit 14: RCAoperando1m28b-RCAcomportamento22m28b File: F:/github_projects/Circuito Timing Multiplicadores/Alg_RCA_radix_correto/RCA_radix4_8b.vhd Line: 332
    Info (12022): Found design unit 15: RCAoperando2m28b-RCAcomportamento23m28b File: F:/github_projects/Circuito Timing Multiplicadores/Alg_RCA_radix_correto/RCA_radix4_8b.vhd Line: 364
    Info (12022): Found design unit 16: my_components2m28bRCA File: F:/github_projects/Circuito Timing Multiplicadores/Alg_RCA_radix_correto/RCA_radix4_8b.vhd Line: 390
    Info (12022): Found design unit 17: RCA_radix4_8b-RCAcomportamento25m28b File: F:/github_projects/Circuito Timing Multiplicadores/Alg_RCA_radix_correto/RCA_radix4_8b.vhd Line: 419
    Info (12023): Found entity 1: RCAmulttipo1xm28b File: F:/github_projects/Circuito Timing Multiplicadores/Alg_RCA_radix_correto/RCA_radix4_8b.vhd Line: 4
    Info (12023): Found entity 2: RCAmulttipo2xam28b File: F:/github_projects/Circuito Timing Multiplicadores/Alg_RCA_radix_correto/RCA_radix4_8b.vhd Line: 27
    Info (12023): Found entity 3: RCAhalfadderm28b File: F:/github_projects/Circuito Timing Multiplicadores/Alg_RCA_radix_correto/RCA_radix4_8b.vhd Line: 53
    Info (12023): Found entity 4: RCAfulladderm28b File: F:/github_projects/Circuito Timing Multiplicadores/Alg_RCA_radix_correto/RCA_radix4_8b.vhd Line: 69
    Info (12023): Found entity 5: RCAmulttipo2xm28b File: F:/github_projects/Circuito Timing Multiplicadores/Alg_RCA_radix_correto/RCA_radix4_8b.vhd Line: 89
    Info (12023): Found entity 6: RCAmulttipo3xm28b File: F:/github_projects/Circuito Timing Multiplicadores/Alg_RCA_radix_correto/RCA_radix4_8b.vhd Line: 117
    Info (12023): Found entity 7: RCAfulladder_nppm28b File: F:/github_projects/Circuito Timing Multiplicadores/Alg_RCA_radix_correto/RCA_radix4_8b.vhd Line: 148
    Info (12023): Found entity 8: RCAhalfadder_2Bitsm28b File: F:/github_projects/Circuito Timing Multiplicadores/Alg_RCA_radix_correto/RCA_radix4_8b.vhd Line: 218
    Info (12023): Found entity 9: RCAfulladder_2Bitsm28b File: F:/github_projects/Circuito Timing Multiplicadores/Alg_RCA_radix_correto/RCA_radix4_8b.vhd Line: 236
    Info (12023): Found entity 10: RCAbitsadder_2Bitsm28b File: F:/github_projects/Circuito Timing Multiplicadores/Alg_RCA_radix_correto/RCA_radix4_8b.vhd Line: 254
    Info (12023): Found entity 11: RCAfulladder_npp_2Bitsm28b File: F:/github_projects/Circuito Timing Multiplicadores/Alg_RCA_radix_correto/RCA_radix4_8b.vhd Line: 273
    Info (12023): Found entity 12: RCAoperando1m28b File: F:/github_projects/Circuito Timing Multiplicadores/Alg_RCA_radix_correto/RCA_radix4_8b.vhd Line: 326
    Info (12023): Found entity 13: RCAoperando2m28b File: F:/github_projects/Circuito Timing Multiplicadores/Alg_RCA_radix_correto/RCA_radix4_8b.vhd Line: 358
    Info (12023): Found entity 14: RCA_radix4_8b File: F:/github_projects/Circuito Timing Multiplicadores/Alg_RCA_radix_correto/RCA_radix4_8b.vhd Line: 413
Info (12021): Found 2 design units, including 1 entities, in source file ff_d.vhd
    Info (12022): Found design unit 1: FF_D-rtl File: F:/github_projects/Circuito Timing Multiplicadores/Alg_RCA_radix_correto/FF_D.vhd Line: 13
    Info (12023): Found entity 1: FF_D File: F:/github_projects/Circuito Timing Multiplicadores/Alg_RCA_radix_correto/FF_D.vhd Line: 4
Info (12127): Elaborating entity "top_level" for the top level hierarchy
Info (12128): Elaborating entity "FF_D" for hierarchy "FF_D:\gen_a:0:ff_a" File: F:/github_projects/Circuito Timing Multiplicadores/Alg_RCA_radix_correto/top_level.vhd Line: 38
Info (12128): Elaborating entity "RCA_radix4_8b" for hierarchy "RCA_radix4_8b:multiplier_inst" File: F:/github_projects/Circuito Timing Multiplicadores/Alg_RCA_radix_correto/top_level.vhd Line: 57
Info (12128): Elaborating entity "RCAoperando1m28b" for hierarchy "RCA_radix4_8b:multiplier_inst|RCAoperando1m28b:estagio0m28bRCA" File: F:/github_projects/Circuito Timing Multiplicadores/Alg_RCA_radix_correto/RCA_radix4_8b.vhd Line: 429
Info (12128): Elaborating entity "RCAmulttipo1xm28b" for hierarchy "RCA_radix4_8b:multiplier_inst|RCAoperando1m28b:estagio0m28bRCA|RCAmulttipo1xm28b:stage_0m28bRCA" File: F:/github_projects/Circuito Timing Multiplicadores/Alg_RCA_radix_correto/RCA_radix4_8b.vhd Line: 342
Info (12128): Elaborating entity "RCAmulttipo2xam28b" for hierarchy "RCA_radix4_8b:multiplier_inst|RCAoperando1m28b:estagio0m28bRCA|RCAmulttipo2xam28b:stage_3m28bRCA" File: F:/github_projects/Circuito Timing Multiplicadores/Alg_RCA_radix_correto/RCA_radix4_8b.vhd Line: 345
Info (12128): Elaborating entity "RCAhalfadder_2Bitsm28b" for hierarchy "RCA_radix4_8b:multiplier_inst|RCAoperando1m28b:estagio0m28bRCA|RCAhalfadder_2Bitsm28b:stage_4m28bRCA" File: F:/github_projects/Circuito Timing Multiplicadores/Alg_RCA_radix_correto/RCA_radix4_8b.vhd Line: 346
Info (12128): Elaborating entity "RCAhalfadderm28b" for hierarchy "RCA_radix4_8b:multiplier_inst|RCAoperando1m28b:estagio0m28bRCA|RCAhalfadder_2Bitsm28b:stage_4m28bRCA|RCAhalfadderm28b:stage_0m28bRCA" File: F:/github_projects/Circuito Timing Multiplicadores/Alg_RCA_radix_correto/RCA_radix4_8b.vhd Line: 228
Info (12128): Elaborating entity "RCAfulladderm28b" for hierarchy "RCA_radix4_8b:multiplier_inst|RCAoperando1m28b:estagio0m28bRCA|RCAhalfadder_2Bitsm28b:stage_4m28bRCA|RCAfulladderm28b:stage_1m28bRCA" File: F:/github_projects/Circuito Timing Multiplicadores/Alg_RCA_radix_correto/RCA_radix4_8b.vhd Line: 229
Info (12128): Elaborating entity "RCAfulladder_2Bitsm28b" for hierarchy "RCA_radix4_8b:multiplier_inst|RCAoperando1m28b:estagio0m28bRCA|RCAfulladder_2Bitsm28b:stage_5m28bRCA" File: F:/github_projects/Circuito Timing Multiplicadores/Alg_RCA_radix_correto/RCA_radix4_8b.vhd Line: 347
Info (12128): Elaborating entity "RCAbitsadder_2Bitsm28b" for hierarchy "RCA_radix4_8b:multiplier_inst|RCAoperando1m28b:estagio0m28bRCA|RCAbitsadder_2Bitsm28b:stage_7m28bRCA" File: F:/github_projects/Circuito Timing Multiplicadores/Alg_RCA_radix_correto/RCA_radix4_8b.vhd Line: 349
Info (12128): Elaborating entity "RCAoperando2m28b" for hierarchy "RCA_radix4_8b:multiplier_inst|RCAoperando2m28b:estagio3m28bRCA" File: F:/github_projects/Circuito Timing Multiplicadores/Alg_RCA_radix_correto/RCA_radix4_8b.vhd Line: 441
Info (12128): Elaborating entity "RCAmulttipo2xm28b" for hierarchy "RCA_radix4_8b:multiplier_inst|RCAoperando2m28b:estagio3m28bRCA|RCAmulttipo2xm28b:stage_0am28bRCA" File: F:/github_projects/Circuito Timing Multiplicadores/Alg_RCA_radix_correto/RCA_radix4_8b.vhd Line: 374
Info (12128): Elaborating entity "RCAmulttipo3xm28b" for hierarchy "RCA_radix4_8b:multiplier_inst|RCAoperando2m28b:estagio3m28bRCA|RCAmulttipo3xm28b:stage_3am28bRCA" File: F:/github_projects/Circuito Timing Multiplicadores/Alg_RCA_radix_correto/RCA_radix4_8b.vhd Line: 377
Info (12128): Elaborating entity "RCAfulladder_npp_2Bitsm28b" for hierarchy "RCA_radix4_8b:multiplier_inst|RCAoperando2m28b:estagio3m28bRCA|RCAfulladder_npp_2Bitsm28b:stage_5am28bRCA" File: F:/github_projects/Circuito Timing Multiplicadores/Alg_RCA_radix_correto/RCA_radix4_8b.vhd Line: 379
Info (12128): Elaborating entity "RCAfulladder_nppm28b" for hierarchy "RCA_radix4_8b:multiplier_inst|RCAoperando2m28b:estagio3m28bRCA|RCAfulladder_npp_2Bitsm28b:stage_5am28bRCA|RCAfulladder_nppm28b:stage_1m28bRCA" File: F:/github_projects/Circuito Timing Multiplicadores/Alg_RCA_radix_correto/RCA_radix4_8b.vhd Line: 284
Info (286030): Timing-Driven Synthesis is running
Info (16010): Generating hard_block partition "hard_block:auto_generated_inst"
    Info (16011): Adding 0 node(s), including 0 DDIO, 0 PLL, 0 transceiver and 0 LCELL
Info (21057): Implemented 226 device resources after synthesis - the final resource count might be different
    Info (21058): Implemented 18 input pins
    Info (21059): Implemented 16 output pins
    Info (21061): Implemented 192 logic cells
Info: Quartus Prime Analysis & Synthesis was successful. 0 errors, 1 warning
    Info: Peak virtual memory: 4862 megabytes
    Info: Processing ended: Mon Nov  3 19:46:41 2025
    Info: Elapsed time: 00:00:07
    Info: Total CPU time (on all processors): 00:00:15


